<?xml version="1.0" encoding="UTF-8"?>
<testng-results ignored="0" total="1" passed="1" failed="0" skipped="0">
  <reporter-output>
    <line>
      <![CDATA[openbrowser]]>
    </line>
    <line>
      <![CDATA[login]]>
    </line>
    <line>
      <![CDATA[welcome to testing 1]]>
    </line>
    <line>
      <![CDATA[logout]]>
    </line>
    <line>
      <![CDATA[closebrowser]]>
    </line>
  </reporter-output>
  <suite started-at="2021-09-21T21:56:32 IST" name="Default suite" finished-at="2021-09-21T21:57:01 IST" duration-ms="28414">
    <groups>
    </groups>
    <test started-at="2021-09-21T21:56:32 IST" name="Default test" finished-at="2021-09-21T21:57:01 IST" duration-ms="28414">
      <class name="com.acttime.test.DemoTest">
        <test-method is-config="true" signature="openBrowser()[pri:0, instance:com.acttime.test.DemoTest@7fee8714]" started-at="2021-09-21T21:56:32 IST" name="openBrowser" finished-at="2021-09-21T21:56:35 IST" duration-ms="3108" status="PASS">
          <reporter-output>
            <line>
              <![CDATA[openbrowser]]>
            </line>
          </reporter-output>
        </test-method> <!-- openBrowser -->
        <test-method is-config="true" signature="login()[pri:0, instance:com.acttime.test.DemoTest@7fee8714]" started-at="2021-09-21T21:56:36 IST" name="login" finished-at="2021-09-21T21:57:01 IST" duration-ms="25107" status="PASS">
          <reporter-output>
            <line>
              <![CDATA[login]]>
            </line>
          </reporter-output>
        </test-method> <!-- login -->
        <test-method signature="testDemo()[pri:0, instance:com.acttime.test.DemoTest@7fee8714]" started-at="2021-09-21T21:57:01 IST" name="testDemo" finished-at="2021-09-21T21:57:01 IST" duration-ms="11" status="PASS">
          <reporter-output>
            <line>
              <![CDATA[welcome to testing 1]]>
            </line>
          </reporter-output>
        </test-method> <!-- testDemo -->
        <test-method is-config="true" signature="logout()[pri:0, instance:com.acttime.test.DemoTest@7fee8714]" started-at="2021-09-21T21:57:01 IST" name="logout" finished-at="2021-09-21T21:57:01 IST" duration-ms="1" status="PASS">
          <reporter-output>
            <line>
              <![CDATA[logout]]>
            </line>
          </reporter-output>
        </test-method> <!-- logout -->
        <test-method is-config="true" signature="closewBrowser()[pri:0, instance:com.acttime.test.DemoTest@7fee8714]" started-at="2021-09-21T21:57:01 IST" name="closewBrowser" finished-at="2021-09-21T21:57:01 IST" duration-ms="82" status="PASS">
          <reporter-output>
            <line>
              <![CDATA[closebrowser]]>
            </line>
          </reporter-output>
        </test-method> <!-- closewBrowser -->
      </class> <!-- com.acttime.test.DemoTest -->
    </test> <!-- Default test -->
  </suite> <!-- Default suite -->
</testng-results>
